<?xml version="1.0" encoding="UTF-8"?>
<!-- Generated by org.testng.reporters.JUnitXMLReporter -->
<testsuite ignored="0" hostname="LAPTOP-IKS9SD1L" failures="5" tests="34" name="Test" time="337.58" errors="0" timestamp="2022-08-01T20:09:26 IST">
  <testcase classname="TestNGPrograms.ItestListenerWithExample" name="failedM" time="0.011">
    <skipped/>
  </testcase> <!-- failedM -->
  <testcase classname="TestNGPrograms.ItestListenerWithExample" name="failedM" time="0.003">
    <skipped/>
  </testcase> <!-- failedM -->
  <testcase classname="TestNGPrograms.ItestListenerWithExample" name="failedM" time="0.001">
    <skipped/>
  </testcase> <!-- failedM -->
  <testcase classname="TestNGPrograms.ItestListenerWithExample" name="failedM" time="0.001">
    <skipped/>
  </testcase> <!-- failedM -->
  <testcase classname="TestNGPrograms.ItestListenerWithExample" name="failedM" time="0.002">
    <failure type="java.lang.AssertionError" message="expected [true] but found [false]">
      <![CDATA[java.lang.AssertionError: expected [true] but found [false]
at TestNGPrograms.ItestListenerWithExample.failedM(ItestListenerWithExample.java:46)
at java.base/java.util.ArrayList.forEach(ArrayList.java:1511)
... Removed 31 stack frames]]>
    </failure>
  </testcase> <!-- failedM -->
  <testcase classname="TestNGPrograms.ItestListenerWithExample" name="testMethod1" time="0.002"/>
  <testcase classname="TestNGPrograms.ItestListenerWithExample" name="testMethod2" time="0.001">
    <skipped/>
  </testcase> <!-- testMethod2 -->
  <testcase classname="TestNGPrograms.ItestListenerWithExample" name="testMethod2" time="0.001">
    <skipped/>
  </testcase> <!-- testMethod2 -->
  <testcase classname="TestNGPrograms.ItestListenerWithExample" name="testMethod2" time="0.001">
    <skipped/>
  </testcase> <!-- testMethod2 -->
  <testcase classname="TestNGPrograms.ItestListenerWithExample" name="testMethod2" time="0.001">
    <skipped/>
  </testcase> <!-- testMethod2 -->
  <testcase classname="TestNGPrograms.ItestListenerWithExample" name="testMethod2" time="0.001">
    <failure type="java.lang.AssertionError" message="expected [11] but found [10]">
      <![CDATA[java.lang.AssertionError: expected [11] but found [10]
at TestNGPrograms.ItestListenerWithExample.testMethod2(ItestListenerWithExample.java:23)
at java.base/java.util.ArrayList.forEach(ArrayList.java:1511)
... Removed 33 stack frames]]>
    </failure>
  </testcase> <!-- testMethod2 -->
  <testcase classname="TestNGPrograms.ItestListenerWithExample" name="testMethod3" time="0.002">
    <skipped/>
  </testcase> <!-- testMethod3 -->
  <testcase classname="TestNGPrograms.ItestListenerWithExample" name="testMethod4" time="0.004">
    <skipped/>
  </testcase> <!-- testMethod4 -->
  <testcase classname="TestNGPrograms.ItestListenerWithExample" name="testMethod4" time="0.005">
    <skipped/>
  </testcase> <!-- testMethod4 -->
  <testcase classname="TestNGPrograms.ItestListenerWithExample" name="testMethod4" time="0.002"/>
  <testcase classname="TestNGPrograms.ItestListenerWithExample" name="testMethod4" time="0.001"/>
  <testcase classname="TestNGPrograms.ItestListenerWithExample" name="testMethod4" time="0.002"/>
  <testcase classname="TestNGPrograms.ItestListenerWithExample" name="testMethod4" time="0.005"/>
  <testcase classname="TestNGPrograms.ItestListenerWithExample" name="testMethod4" time="0.002"/>
  <testcase classname="TestNGPrograms.kiteTest" name="kitelogin" time="20.052">
    <skipped/>
  </testcase> <!-- kitelogin -->
  <testcase classname="TestNGPrograms.kiteTest" name="kitelogin" time="23.948">
    <skipped/>
  </testcase> <!-- kitelogin -->
  <testcase classname="TestNGPrograms.kiteTest" name="kitelogin" time="38.552">
    <skipped/>
  </testcase> <!-- kitelogin -->
  <testcase classname="TestNGPrograms.kiteTest" name="kitelogin" time="37.034">
    <skipped/>
  </testcase> <!-- kitelogin -->
  <testcase classname="TestNGPrograms.kiteTest" name="kitelogin" time="21.244">
    <failure type="org.openqa.selenium.NoSuchElementException" message="no such element: Unable to locate element: {&amp;quot;method&amp;quot;:&amp;quot;xpath&amp;quot;,&amp;quot;selector&amp;quot;:&amp;quot;//input[@id=&amp;apos;pin&amp;apos;]&amp;quot;}
  (Session info: chrome=103.0.5060.134)
For documentation on this error, please visit: https://selenium.dev/exceptions/#no_such_element
Build info: version: &amp;apos;4.1.2&amp;apos;, revision: &amp;apos;9a5a329c5a&amp;apos;
System info: host: &amp;apos;LAPTOP-IKS9SD1L&amp;apos;, ip: &amp;apos;192.168.194.1&amp;apos;, os.name: &amp;apos;Windows 10&amp;apos;, os.arch: &amp;apos;amd64&amp;apos;, os.version: &amp;apos;10.0&amp;apos;, java.version: &amp;apos;15.0.2&amp;apos;
Driver info: org.openqa.selenium.chrome.ChromeDriver
Command: [075230ab4b0b627f243c463695b233a6, findElement {using=xpath, value=//input[@id=&amp;apos;pin&amp;apos;]}]
Capabilities {acceptInsecureCerts: false, browserName: chrome, browserVersion: 103.0.5060.134, chrome: {chromedriverVersion: 103.0.5060.53 (a1711811edd7..., userDataDir: C:\Users\Sharayu\AppData\Lo...}, goog:chromeOptions: {debuggerAddress: localhost:63064}, javascriptEnabled: true, networkConnectionEnabled: false, pageLoadStrategy: normal, platform: WINDOWS, platformName: WINDOWS, proxy: Proxy(), se:cdp: ws://localhost:63064/devtoo..., se:cdpVersion: 103.0.5060.134, setWindowRect: true, strictFileInteractability: false, timeouts: {implicit: 0, pageLoad: 300000, script: 30000}, unhandledPromptBehavior: dismiss and notify, webauthn:extension:credBlob: true, webauthn:extension:largeBlob: true, webauthn:virtualAuthenticators: true}
Session ID: 075230ab4b0b627f243c463695b233a6">
      <![CDATA[org.openqa.selenium.NoSuchElementException: no such element: Unable to locate element: {"method":"xpath","selector":"//input[@id='pin']"}
  (Session info: chrome=103.0.5060.134)
For documentation on this error, please visit: https://selenium.dev/exceptions/#no_such_element
Build info: version: '4.1.2', revision: '9a5a329c5a'
System info: host: 'LAPTOP-IKS9SD1L', ip: '192.168.194.1', os.name: 'Windows 10', os.arch: 'amd64', os.version: '10.0', java.version: '15.0.2'
Driver info: org.openqa.selenium.chrome.ChromeDriver
Command: [075230ab4b0b627f243c463695b233a6, findElement {using=xpath, value=//input[@id='pin']}]
Capabilities {acceptInsecureCerts: false, browserName: chrome, browserVersion: 103.0.5060.134, chrome: {chromedriverVersion: 103.0.5060.53 (a1711811edd7..., userDataDir: C:\Users\Sharayu\AppData\Lo...}, goog:chromeOptions: {debuggerAddress: localhost:63064}, javascriptEnabled: true, networkConnectionEnabled: false, pageLoadStrategy: normal, platform: WINDOWS, platformName: WINDOWS, proxy: Proxy(), se:cdp: ws://localhost:63064/devtoo..., se:cdpVersion: 103.0.5060.134, setWindowRect: true, strictFileInteractability: false, timeouts: {implicit: 0, pageLoad: 300000, script: 30000}, unhandledPromptBehavior: dismiss and notify, webauthn:extension:credBlob: true, webauthn:extension:largeBlob: true, webauthn:virtualAuthenticators: true}
Session ID: 075230ab4b0b627f243c463695b233a6
at org.openqa.selenium.remote.codec.w3c.W3CHttpResponseCodec.createException(W3CHttpResponseCodec.java:200)
at org.openqa.selenium.remote.codec.w3c.W3CHttpResponseCodec.decode(W3CHttpResponseCodec.java:133)
at org.openqa.selenium.remote.codec.w3c.W3CHttpResponseCodec.decode(W3CHttpResponseCodec.java:53)
at org.openqa.selenium.remote.HttpCommandExecutor.execute(HttpCommandExecutor.java:184)
at org.openqa.selenium.remote.service.DriverCommandExecutor.invokeExecute(DriverCommandExecutor.java:167)
at org.openqa.selenium.remote.service.DriverCommandExecutor.execute(DriverCommandExecutor.java:142)
at org.openqa.selenium.remote.RemoteWebDriver.execute(RemoteWebDriver.java:558)
at org.openqa.selenium.remote.ElementLocation$ElementFinder$2.findElement(ElementLocation.java:162)
at org.openqa.selenium.remote.ElementLocation.findElement(ElementLocation.java:60)
at org.openqa.selenium.remote.RemoteWebDriver.findElement(RemoteWebDriver.java:382)
at org.openqa.selenium.remote.RemoteWebDriver.findElement(RemoteWebDriver.java:374)
at TestNGPrograms.kiteTest.kitelogin(kiteTest.java:27)
at java.base/java.util.ArrayList.forEach(ArrayList.java:1511)
... Removed 32 stack frames]]>
    </failure>
  </testcase> <!-- kitelogin -->
  <testcase classname="TestNGPrograms.kiteTest" name="kitelogin" time="53.012">
    <skipped/>
  </testcase> <!-- kitelogin -->
  <testcase classname="TestNGPrograms.kiteTest" name="kitelogin" time="23.028">
    <skipped/>
  </testcase> <!-- kitelogin -->
  <testcase classname="TestNGPrograms.kiteTest" name="kitelogin" time="17.311">
    <skipped/>
  </testcase> <!-- kitelogin -->
  <testcase classname="TestNGPrograms.kiteTest" name="kitelogin" time="20.81">
    <skipped/>
  </testcase> <!-- kitelogin -->
  <testcase classname="TestNGPrograms.kiteTest" name="kitelogin" time="17.647">
    <failure type="org.openqa.selenium.NoSuchElementException" message="no such element: Unable to locate element: {&amp;quot;method&amp;quot;:&amp;quot;xpath&amp;quot;,&amp;quot;selector&amp;quot;:&amp;quot;//input[@id=&amp;apos;pin&amp;apos;]&amp;quot;}
  (Session info: chrome=103.0.5060.134)
For documentation on this error, please visit: https://selenium.dev/exceptions/#no_such_element
Build info: version: &amp;apos;4.1.2&amp;apos;, revision: &amp;apos;9a5a329c5a&amp;apos;
System info: host: &amp;apos;LAPTOP-IKS9SD1L&amp;apos;, ip: &amp;apos;192.168.194.1&amp;apos;, os.name: &amp;apos;Windows 10&amp;apos;, os.arch: &amp;apos;amd64&amp;apos;, os.version: &amp;apos;10.0&amp;apos;, java.version: &amp;apos;15.0.2&amp;apos;
Driver info: org.openqa.selenium.chrome.ChromeDriver
Command: [ea6a9e9831ab62eca8e562566f5e1623, findElement {using=xpath, value=//input[@id=&amp;apos;pin&amp;apos;]}]
Capabilities {acceptInsecureCerts: false, browserName: chrome, browserVersion: 103.0.5060.134, chrome: {chromedriverVersion: 103.0.5060.53 (a1711811edd7..., userDataDir: C:\Users\Sharayu\AppData\Lo...}, goog:chromeOptions: {debuggerAddress: localhost:63295}, javascriptEnabled: true, networkConnectionEnabled: false, pageLoadStrategy: normal, platform: WINDOWS, platformName: WINDOWS, proxy: Proxy(), se:cdp: ws://localhost:63295/devtoo..., se:cdpVersion: 103.0.5060.134, setWindowRect: true, strictFileInteractability: false, timeouts: {implicit: 0, pageLoad: 300000, script: 30000}, unhandledPromptBehavior: dismiss and notify, webauthn:extension:credBlob: true, webauthn:extension:largeBlob: true, webauthn:virtualAuthenticators: true}
Session ID: ea6a9e9831ab62eca8e562566f5e1623">
      <![CDATA[org.openqa.selenium.NoSuchElementException: no such element: Unable to locate element: {"method":"xpath","selector":"//input[@id='pin']"}
  (Session info: chrome=103.0.5060.134)
For documentation on this error, please visit: https://selenium.dev/exceptions/#no_such_element
Build info: version: '4.1.2', revision: '9a5a329c5a'
System info: host: 'LAPTOP-IKS9SD1L', ip: '192.168.194.1', os.name: 'Windows 10', os.arch: 'amd64', os.version: '10.0', java.version: '15.0.2'
Driver info: org.openqa.selenium.chrome.ChromeDriver
Command: [ea6a9e9831ab62eca8e562566f5e1623, findElement {using=xpath, value=//input[@id='pin']}]
Capabilities {acceptInsecureCerts: false, browserName: chrome, browserVersion: 103.0.5060.134, chrome: {chromedriverVersion: 103.0.5060.53 (a1711811edd7..., userDataDir: C:\Users\Sharayu\AppData\Lo...}, goog:chromeOptions: {debuggerAddress: localhost:63295}, javascriptEnabled: true, networkConnectionEnabled: false, pageLoadStrategy: normal, platform: WINDOWS, platformName: WINDOWS, proxy: Proxy(), se:cdp: ws://localhost:63295/devtoo..., se:cdpVersion: 103.0.5060.134, setWindowRect: true, strictFileInteractability: false, timeouts: {implicit: 0, pageLoad: 300000, script: 30000}, unhandledPromptBehavior: dismiss and notify, webauthn:extension:credBlob: true, webauthn:extension:largeBlob: true, webauthn:virtualAuthenticators: true}
Session ID: ea6a9e9831ab62eca8e562566f5e1623
at org.openqa.selenium.remote.codec.w3c.W3CHttpResponseCodec.createException(W3CHttpResponseCodec.java:200)
at org.openqa.selenium.remote.codec.w3c.W3CHttpResponseCodec.decode(W3CHttpResponseCodec.java:133)
at org.openqa.selenium.remote.codec.w3c.W3CHttpResponseCodec.decode(W3CHttpResponseCodec.java:53)
at org.openqa.selenium.remote.HttpCommandExecutor.execute(HttpCommandExecutor.java:184)
at org.openqa.selenium.remote.service.DriverCommandExecutor.invokeExecute(DriverCommandExecutor.java:167)
at org.openqa.selenium.remote.service.DriverCommandExecutor.execute(DriverCommandExecutor.java:142)
at org.openqa.selenium.remote.RemoteWebDriver.execute(RemoteWebDriver.java:558)
at org.openqa.selenium.remote.ElementLocation$ElementFinder$2.findElement(ElementLocation.java:162)
at org.openqa.selenium.remote.ElementLocation.findElement(ElementLocation.java:60)
at org.openqa.selenium.remote.RemoteWebDriver.findElement(RemoteWebDriver.java:382)
at org.openqa.selenium.remote.RemoteWebDriver.findElement(RemoteWebDriver.java:374)
at TestNGPrograms.kiteTest.kitelogin(kiteTest.java:27)
at java.base/java.util.ArrayList.forEach(ArrayList.java:1511)
... Removed 32 stack frames]]>
    </failure>
  </testcase> <!-- kitelogin -->
  <testcase classname="TestNGPrograms.kiteTest" name="kitelogin" time="11.847">
    <skipped/>
  </testcase> <!-- kitelogin -->
  <testcase classname="TestNGPrograms.kiteTest" name="kitelogin" time="9.272">
    <skipped/>
  </testcase> <!-- kitelogin -->
  <testcase classname="TestNGPrograms.kiteTest" name="kitelogin" time="10.701">
    <skipped/>
  </testcase> <!-- kitelogin -->
  <testcase classname="TestNGPrograms.kiteTest" name="kitelogin" time="10.681">
    <skipped/>
  </testcase> <!-- kitelogin -->
  <testcase classname="TestNGPrograms.kiteTest" name="kitelogin" time="22.18">
    <failure type="java.lang.AssertionError" message="expected [Dashboard / Lite] but found [Dashboard / Kite]">
      <![CDATA[java.lang.AssertionError: expected [Dashboard / Lite] but found [Dashboard / Kite]
at TestNGPrograms.kiteTest.kitelogin(kiteTest.java:34)
at java.base/java.util.ArrayList.forEach(ArrayList.java:1511)
... Removed 33 stack frames]]>
    </failure>
  </testcase> <!-- kitelogin -->
</testsuite> <!-- Test -->
