<!DOCTYPE html>

<html>
  <head>
  <meta charset='utf-8'>
  <title>TestNG reports</title>

    <link type="text/css" href="testng-reports1.css" rel="stylesheet" id="ultra" />
    <link type="text/css" href="testng-reports.css" rel="stylesheet" id="retro" disabled="false"/>
    <script type="text/javascript" src="jquery.min.js"></script>
    <script type="text/javascript" src="testng-reports.js"></script>
    <script type="text/javascript" src="https://www.google.com/jsapi"></script>
    <script type='text/javascript'>
      google.load('visualization', '1', {packages:['table']});
      google.setOnLoadCallback(drawTable);
      var suiteTableInitFunctions = new Array();
      var suiteTableData = new Array();
    </script>
    <!--
      <script type="text/javascript" src="jquery-ui/js/jquery-ui-1.8.16.custom.min.js"></script>
     -->
  </head>

  <body>
    <div class="top-banner-root">
      <span class="top-banner-title-font">Test results</span>
      <button id="button" class="button">Switch Retro Theme</button> <!-- button -->
      <br/>
      <span class="top-banner-font-1">1 suite, 5 failed tests</span>
    </div> <!-- top-banner-root -->
    <div class="navigator-root">
      <div class="navigator-suite-header">
        <span>All suites</span>
        <a href="#" title="Collapse/expand all the suites" class="collapse-all-link">
          <img src="collapseall.gif" class="collapse-all-icon">
          </img> <!-- collapse-all-icon -->
        </a> <!-- collapse-all-link -->
      </div> <!-- navigator-suite-header -->
      <div class="suite">
        <div class="rounded-window">
          <div class="suite-header light-rounded-window-top">
            <a href="#" panel-name="suite-Suite" class="navigator-link">
              <span class="suite-name border-failed">Suite</span>
            </a> <!-- navigator-link -->
          </div> <!-- suite-header light-rounded-window-top -->
          <div class="navigator-suite-content">
            <div class="suite-section-title">
              <span>Info</span>
            </div> <!-- suite-section-title -->
            <div class="suite-section-content">
              <ul>
                <li>
                  <a href="#" panel-name="test-xml-Suite" class="navigator-link ">
                    <span>C:\TestNGDemo\testnglistner.xml</span>
                  </a> <!-- navigator-link  -->
                </li>
                <li>
                  <a href="#" panel-name="testlist-Suite" class="navigator-link ">
                    <span class="test-stats">1 test</span>
                  </a> <!-- navigator-link  -->
                </li>
                <li>
                  <a href="#" panel-name="group-Suite" class="navigator-link ">
                    <span>0 groups</span>
                  </a> <!-- navigator-link  -->
                </li>
                <li>
                  <a href="#" panel-name="times-Suite" class="navigator-link ">
                    <span>Times</span>
                  </a> <!-- navigator-link  -->
                </li>
                <li>
                  <a href="#" panel-name="reporter-Suite" class="navigator-link ">
                    <span>Reporter output</span>
                  </a> <!-- navigator-link  -->
                </li>
                <li>
                  <a href="#" panel-name="ignored-methods-Suite" class="navigator-link ">
                    <span>Ignored methods</span>
                  </a> <!-- navigator-link  -->
                </li>
                <li>
                  <a href="#" panel-name="chronological-Suite" class="navigator-link ">
                    <span>Chronological view</span>
                  </a> <!-- navigator-link  -->
                </li>
              </ul>
            </div> <!-- suite-section-content -->
            <div class="result-section">
              <div class="suite-section-title">
                <span>Results</span>
              </div> <!-- suite-section-title -->
              <div class="suite-section-content">
                <ul>
                  <li>
                    <span class="method-stats">34 methods, 5 failed,  23 skipped,  6 passed</span>
                  </li>
                  <li>
                    <span class="method-list-title failed">Failed methods</span>
                    <span class="show-or-hide-methods failed">
                      <a href="#" panel-name="suite-Suite" class="hide-methods failed suite-Suite"> (hide)</a> <!-- hide-methods failed suite-Suite -->
                      <a href="#" panel-name="suite-Suite" class="show-methods failed suite-Suite"> (show)</a> <!-- show-methods failed suite-Suite -->
                    </span>
                    <div class="method-list-content failed suite-Suite">
                      <span>
                        <img src="failed.png" width="3%"/>
                        <a href="#" panel-name="suite-Suite" title="TestNGPrograms.ItestListenerWithExample" class="method navigator-link" hash-for-method="failedM">failedM</a> <!-- method navigator-link -->
                      </span>
                      <br/>
                      <span>
                        <img src="failed.png" width="3%"/>
                        <a href="#" panel-name="suite-Suite" title="TestNGPrograms.kiteTest" class="method navigator-link" hash-for-method="kitelogin(XA0634, 123454321, 122331)">kitelogin(XA0634, 123454321, 122331)</a> <!-- method navigator-link -->
                      </span>
                      <br/>
                      <span>
                        <img src="failed.png" width="3%"/>
                        <a href="#" panel-name="suite-Suite" title="TestNGPrograms.kiteTest" class="method navigator-link" hash-for-method="kitelogin(XA0342, 1234532, 231111)">kitelogin(XA0342, 1234532, 231111)</a> <!-- method navigator-link -->
                      </span>
                      <br/>
                      <span>
                        <img src="failed.png" width="3%"/>
                        <a href="#" panel-name="suite-Suite" title="TestNGPrograms.kiteTest" class="method navigator-link" hash-for-method="kitelogin(XA0634, Sarika699!, 691991)">kitelogin(XA0634, Sarika699!, 691991)</a> <!-- method navigator-link -->
                      </span>
                      <br/>
                      <span>
                        <img src="failed.png" width="3%"/>
                        <a href="#" panel-name="suite-Suite" title="TestNGPrograms.ItestListenerWithExample" class="method navigator-link" hash-for-method="testMethod2">testMethod2</a> <!-- method navigator-link -->
                      </span>
                      <br/>
                    </div> <!-- method-list-content failed suite-Suite -->
                  </li>
                  <li>
                    <span class="method-list-title skipped">Skipped methods</span>
                    <span class="show-or-hide-methods skipped">
                      <a href="#" panel-name="suite-Suite" class="hide-methods skipped suite-Suite"> (hide)</a> <!-- hide-methods skipped suite-Suite -->
                      <a href="#" panel-name="suite-Suite" class="show-methods skipped suite-Suite"> (show)</a> <!-- show-methods skipped suite-Suite -->
                    </span>
                    <div class="method-list-content skipped suite-Suite">
                      <span>
                        <img src="skipped.png" width="3%"/>
                        <a href="#" panel-name="suite-Suite" title="TestNGPrograms.ItestListenerWithExample" class="method navigator-link" hash-for-method="testMethod3">testMethod3</a> <!-- method navigator-link -->
                      </span>
                      <br/>
                    </div> <!-- method-list-content skipped suite-Suite -->
                  </li>
                  <li>
                    <span class="method-list-title skipped">Retried methods</span>
                    <span class="show-or-hide-methods skipped">
                      <a href="#" panel-name="suite-Suite" class="hide-methods skipped suite-Suite"> (hide)</a> <!-- hide-methods skipped suite-Suite -->
                      <a href="#" panel-name="suite-Suite" class="show-methods skipped suite-Suite"> (show)</a> <!-- show-methods skipped suite-Suite -->
                    </span>
                    <div class="method-list-content skipped suite-Suite">
                      <span>
                        <img src="skipped.png" width="3%"/>
                        <a href="#" panel-name="suite-Suite" title="TestNGPrograms.ItestListenerWithExample" class="method navigator-link" hash-for-method="failedM">failedM</a> <!-- method navigator-link -->
                      </span>
                      <br/>
                      <span>
                        <img src="skipped.png" width="3%"/>
                        <a href="#" panel-name="suite-Suite" title="TestNGPrograms.ItestListenerWithExample" class="method navigator-link" hash-for-method="failedM">failedM</a> <!-- method navigator-link -->
                      </span>
                      <br/>
                      <span>
                        <img src="skipped.png" width="3%"/>
                        <a href="#" panel-name="suite-Suite" title="TestNGPrograms.ItestListenerWithExample" class="method navigator-link" hash-for-method="failedM">failedM</a> <!-- method navigator-link -->
                      </span>
                      <br/>
                      <span>
                        <img src="skipped.png" width="3%"/>
                        <a href="#" panel-name="suite-Suite" title="TestNGPrograms.ItestListenerWithExample" class="method navigator-link" hash-for-method="failedM">failedM</a> <!-- method navigator-link -->
                      </span>
                      <br/>
                      <span>
                        <img src="skipped.png" width="3%"/>
                        <a href="#" panel-name="suite-Suite" title="TestNGPrograms.kiteTest" class="method navigator-link" hash-for-method="kitelogin(XA0634, 123454321, 122331)">kitelogin(XA0634, 123454321, 122331)</a> <!-- method navigator-link -->
                      </span>
                      <br/>
                      <span>
                        <img src="skipped.png" width="3%"/>
                        <a href="#" panel-name="suite-Suite" title="TestNGPrograms.kiteTest" class="method navigator-link" hash-for-method="kitelogin(XA0634, 123454321, 122331)">kitelogin(XA0634, 123454321, 122331)</a> <!-- method navigator-link -->
                      </span>
                      <br/>
                      <span>
                        <img src="skipped.png" width="3%"/>
                        <a href="#" panel-name="suite-Suite" title="TestNGPrograms.kiteTest" class="method navigator-link" hash-for-method="kitelogin(XA0634, Sarika699!, 691991)">kitelogin(XA0634, Sarika699!, 691991)</a> <!-- method navigator-link -->
                      </span>
                      <br/>
                      <span>
                        <img src="skipped.png" width="3%"/>
                        <a href="#" panel-name="suite-Suite" title="TestNGPrograms.kiteTest" class="method navigator-link" hash-for-method="kitelogin(XA0342, 1234532, 231111)">kitelogin(XA0342, 1234532, 231111)</a> <!-- method navigator-link -->
                      </span>
                      <br/>
                      <span>
                        <img src="skipped.png" width="3%"/>
                        <a href="#" panel-name="suite-Suite" title="TestNGPrograms.kiteTest" class="method navigator-link" hash-for-method="kitelogin(XA0634, Sarika699!, 691991)">kitelogin(XA0634, Sarika699!, 691991)</a> <!-- method navigator-link -->
                      </span>
                      <br/>
                      <span>
                        <img src="skipped.png" width="3%"/>
                        <a href="#" panel-name="suite-Suite" title="TestNGPrograms.kiteTest" class="method navigator-link" hash-for-method="kitelogin(XA0342, 1234532, 231111)">kitelogin(XA0342, 1234532, 231111)</a> <!-- method navigator-link -->
                      </span>
                      <br/>
                      <span>
                        <img src="skipped.png" width="3%"/>
                        <a href="#" panel-name="suite-Suite" title="TestNGPrograms.kiteTest" class="method navigator-link" hash-for-method="kitelogin(XA0342, 1234532, 231111)">kitelogin(XA0342, 1234532, 231111)</a> <!-- method navigator-link -->
                      </span>
                      <br/>
                      <span>
                        <img src="skipped.png" width="3%"/>
                        <a href="#" panel-name="suite-Suite" title="TestNGPrograms.kiteTest" class="method navigator-link" hash-for-method="kitelogin(XA0634, Sarika699!, 691991)">kitelogin(XA0634, Sarika699!, 691991)</a> <!-- method navigator-link -->
                      </span>
                      <br/>
                      <span>
                        <img src="skipped.png" width="3%"/>
                        <a href="#" panel-name="suite-Suite" title="TestNGPrograms.kiteTest" class="method navigator-link" hash-for-method="kitelogin(XA0634, 123454321, 122331)">kitelogin(XA0634, 123454321, 122331)</a> <!-- method navigator-link -->
                      </span>
                      <br/>
                      <span>
                        <img src="skipped.png" width="3%"/>
                        <a href="#" panel-name="suite-Suite" title="TestNGPrograms.kiteTest" class="method navigator-link" hash-for-method="kitelogin(XA0634, Sarika699!, 691991)">kitelogin(XA0634, Sarika699!, 691991)</a> <!-- method navigator-link -->
                      </span>
                      <br/>
                      <span>
                        <img src="skipped.png" width="3%"/>
                        <a href="#" panel-name="suite-Suite" title="TestNGPrograms.kiteTest" class="method navigator-link" hash-for-method="kitelogin(XA0342, 1234532, 231111)">kitelogin(XA0342, 1234532, 231111)</a> <!-- method navigator-link -->
                      </span>
                      <br/>
                      <span>
                        <img src="skipped.png" width="3%"/>
                        <a href="#" panel-name="suite-Suite" title="TestNGPrograms.kiteTest" class="method navigator-link" hash-for-method="kitelogin(XA0634, 123454321, 122331)">kitelogin(XA0634, 123454321, 122331)</a> <!-- method navigator-link -->
                      </span>
                      <br/>
                      <span>
                        <img src="skipped.png" width="3%"/>
                        <a href="#" panel-name="suite-Suite" title="TestNGPrograms.ItestListenerWithExample" class="method navigator-link" hash-for-method="testMethod2">testMethod2</a> <!-- method navigator-link -->
                      </span>
                      <br/>
                      <span>
                        <img src="skipped.png" width="3%"/>
                        <a href="#" panel-name="suite-Suite" title="TestNGPrograms.ItestListenerWithExample" class="method navigator-link" hash-for-method="testMethod2">testMethod2</a> <!-- method navigator-link -->
                      </span>
                      <br/>
                      <span>
                        <img src="skipped.png" width="3%"/>
                        <a href="#" panel-name="suite-Suite" title="TestNGPrograms.ItestListenerWithExample" class="method navigator-link" hash-for-method="testMethod2">testMethod2</a> <!-- method navigator-link -->
                      </span>
                      <br/>
                      <span>
                        <img src="skipped.png" width="3%"/>
                        <a href="#" panel-name="suite-Suite" title="TestNGPrograms.ItestListenerWithExample" class="method navigator-link" hash-for-method="testMethod2">testMethod2</a> <!-- method navigator-link -->
                      </span>
                      <br/>
                      <span>
                        <img src="skipped.png" width="3%"/>
                        <a href="#" panel-name="suite-Suite" title="TestNGPrograms.ItestListenerWithExample" class="method navigator-link" hash-for-method="testMethod4">testMethod4</a> <!-- method navigator-link -->
                      </span>
                      <br/>
                      <span>
                        <img src="skipped.png" width="3%"/>
                        <a href="#" panel-name="suite-Suite" title="TestNGPrograms.ItestListenerWithExample" class="method navigator-link" hash-for-method="testMethod4">testMethod4</a> <!-- method navigator-link -->
                      </span>
                      <br/>
                    </div> <!-- method-list-content skipped suite-Suite -->
                  </li>
                  <li>
                    <span class="method-list-title passed">Passed methods</span>
                    <span class="show-or-hide-methods passed">
                      <a href="#" panel-name="suite-Suite" class="hide-methods passed suite-Suite"> (hide)</a> <!-- hide-methods passed suite-Suite -->
                      <a href="#" panel-name="suite-Suite" class="show-methods passed suite-Suite"> (show)</a> <!-- show-methods passed suite-Suite -->
                    </span>
                    <div class="method-list-content passed suite-Suite">
                      <span>
                        <img src="passed.png" width="3%"/>
                        <a href="#" panel-name="suite-Suite" title="TestNGPrograms.ItestListenerWithExample" class="method navigator-link" hash-for-method="testMethod1">testMethod1</a> <!-- method navigator-link -->
                      </span>
                      <br/>
                      <span>
                        <img src="passed.png" width="3%"/>
                        <a href="#" panel-name="suite-Suite" title="TestNGPrograms.ItestListenerWithExample" class="method navigator-link" hash-for-method="testMethod4">testMethod4</a> <!-- method navigator-link -->
                      </span>
                      <br/>
                      <span>
                        <img src="passed.png" width="3%"/>
                        <a href="#" panel-name="suite-Suite" title="TestNGPrograms.ItestListenerWithExample" class="method navigator-link" hash-for-method="testMethod4">testMethod4</a> <!-- method navigator-link -->
                      </span>
                      <br/>
                      <span>
                        <img src="passed.png" width="3%"/>
                        <a href="#" panel-name="suite-Suite" title="TestNGPrograms.ItestListenerWithExample" class="method navigator-link" hash-for-method="testMethod4">testMethod4</a> <!-- method navigator-link -->
                      </span>
                      <br/>
                      <span>
                        <img src="passed.png" width="3%"/>
                        <a href="#" panel-name="suite-Suite" title="TestNGPrograms.ItestListenerWithExample" class="method navigator-link" hash-for-method="testMethod4">testMethod4</a> <!-- method navigator-link -->
                      </span>
                      <br/>
                      <span>
                        <img src="passed.png" width="3%"/>
                        <a href="#" panel-name="suite-Suite" title="TestNGPrograms.ItestListenerWithExample" class="method navigator-link" hash-for-method="testMethod4">testMethod4</a> <!-- method navigator-link -->
                      </span>
                      <br/>
                    </div> <!-- method-list-content passed suite-Suite -->
                  </li>
                </ul>
              </div> <!-- suite-section-content -->
            </div> <!-- result-section -->
          </div> <!-- navigator-suite-content -->
        </div> <!-- rounded-window -->
      </div> <!-- suite -->
    </div> <!-- navigator-root -->
    <div class="wrapper">
      <div class="main-panel-root">
        <div panel-name="suite-Suite" class="panel Suite">
          <div class="suite-Suite-class-failed">
            <div class="main-panel-header rounded-window-top">
              <img src="failed.png"/>
              <span class="class-name">TestNGPrograms.ItestListenerWithExample</span>
            </div> <!-- main-panel-header rounded-window-top -->
            <div class="main-panel-content rounded-window-bottom">
              <div class="method">
                <div class="method-content">
                  <a name="failedM">
                  </a> <!-- failedM -->
                  <span class="method-name">failedM</span>
                  <div class="stack-trace">java.lang.AssertionError: expected [true] but found [false]
	at TestNGPrograms.ItestListenerWithExample.failedM(ItestListenerWithExample.java:46)
	at java.base/java.util.ArrayList.forEach(ArrayList.java:1511)
... Removed 31 stack frames
</div> <!-- stack-trace -->
                </div> <!-- method-content -->
              </div> <!-- method -->
              <div class="method">
                <div class="method-content">
                  <a name="testMethod2">
                  </a> <!-- testMethod2 -->
                  <span class="method-name">testMethod2</span>
                  <div class="stack-trace">java.lang.AssertionError: expected [11] but found [10]
	at TestNGPrograms.ItestListenerWithExample.testMethod2(ItestListenerWithExample.java:23)
	at java.base/java.util.ArrayList.forEach(ArrayList.java:1511)
... Removed 33 stack frames
</div> <!-- stack-trace -->
                </div> <!-- method-content -->
              </div> <!-- method -->
            </div> <!-- main-panel-content rounded-window-bottom -->
          </div> <!-- suite-Suite-class-failed -->
          <div class="suite-Suite-class-failed">
            <div class="main-panel-header rounded-window-top">
              <img src="failed.png"/>
              <span class="class-name">TestNGPrograms.kiteTest</span>
            </div> <!-- main-panel-header rounded-window-top -->
            <div class="main-panel-content rounded-window-bottom">
              <div class="method">
                <div class="method-content">
                  <a name="kitelogin(XA0634, 123454321, 122331)">
                  </a> <!-- kitelogin(XA0634, 123454321, 122331) -->
                  <span class="method-name">kitelogin</span>
                  <span class="parameters">(XA0634, 123454321, 122331)</span>
                  <div class="stack-trace">org.openqa.selenium.NoSuchElementException: no such element: Unable to locate element: {&quot;method&quot;:&quot;xpath&quot;,&quot;selector&quot;:&quot;//input[@id=&apos;pin&apos;]&quot;}
  (Session info: chrome=103.0.5060.134)
For documentation on this error, please visit: https://selenium.dev/exceptions/#no_such_element
Build info: version: &apos;4.1.2&apos;, revision: &apos;9a5a329c5a&apos;
System info: host: &apos;LAPTOP-IKS9SD1L&apos;, ip: &apos;192.168.194.1&apos;, os.name: &apos;Windows 10&apos;, os.arch: &apos;amd64&apos;, os.version: &apos;10.0&apos;, java.version: &apos;15.0.2&apos;
Driver info: org.openqa.selenium.chrome.ChromeDriver
Command: [075230ab4b0b627f243c463695b233a6, findElement {using=xpath, value=//input[@id=&apos;pin&apos;]}]
Capabilities {acceptInsecureCerts: false, browserName: chrome, browserVersion: 103.0.5060.134, chrome: {chromedriverVersion: 103.0.5060.53 (a1711811edd7..., userDataDir: C:\Users\Sharayu\AppData\Lo...}, goog:chromeOptions: {debuggerAddress: localhost:63064}, javascriptEnabled: true, networkConnectionEnabled: false, pageLoadStrategy: normal, platform: WINDOWS, platformName: WINDOWS, proxy: Proxy(), se:cdp: ws://localhost:63064/devtoo..., se:cdpVersion: 103.0.5060.134, setWindowRect: true, strictFileInteractability: false, timeouts: {implicit: 0, pageLoad: 300000, script: 30000}, unhandledPromptBehavior: dismiss and notify, webauthn:extension:credBlob: true, webauthn:extension:largeBlob: true, webauthn:virtualAuthenticators: true}
Session ID: 075230ab4b0b627f243c463695b233a6
	at org.openqa.selenium.remote.codec.w3c.W3CHttpResponseCodec.createException(W3CHttpResponseCodec.java:200)
	at org.openqa.selenium.remote.codec.w3c.W3CHttpResponseCodec.decode(W3CHttpResponseCodec.java:133)
	at org.openqa.selenium.remote.codec.w3c.W3CHttpResponseCodec.decode(W3CHttpResponseCodec.java:53)
	at org.openqa.selenium.remote.HttpCommandExecutor.execute(HttpCommandExecutor.java:184)
	at org.openqa.selenium.remote.service.DriverCommandExecutor.invokeExecute(DriverCommandExecutor.java:167)
	at org.openqa.selenium.remote.service.DriverCommandExecutor.execute(DriverCommandExecutor.java:142)
	at org.openqa.selenium.remote.RemoteWebDriver.execute(RemoteWebDriver.java:558)
	at org.openqa.selenium.remote.ElementLocation$ElementFinder$2.findElement(ElementLocation.java:162)
	at org.openqa.selenium.remote.ElementLocation.findElement(ElementLocation.java:60)
	at org.openqa.selenium.remote.RemoteWebDriver.findElement(RemoteWebDriver.java:382)
	at org.openqa.selenium.remote.RemoteWebDriver.findElement(RemoteWebDriver.java:374)
	at TestNGPrograms.kiteTest.kitelogin(kiteTest.java:27)
	at java.base/java.util.ArrayList.forEach(ArrayList.java:1511)
... Removed 32 stack frames
</div> <!-- stack-trace -->
                </div> <!-- method-content -->
              </div> <!-- method -->
              <div class="method">
                <div class="method-content">
                  <a name="kitelogin(XA0342, 1234532, 231111)">
                  </a> <!-- kitelogin(XA0342, 1234532, 231111) -->
                  <span class="method-name">kitelogin</span>
                  <span class="parameters">(XA0342, 1234532, 231111)</span>
                  <div class="stack-trace">org.openqa.selenium.NoSuchElementException: no such element: Unable to locate element: {&quot;method&quot;:&quot;xpath&quot;,&quot;selector&quot;:&quot;//input[@id=&apos;pin&apos;]&quot;}
  (Session info: chrome=103.0.5060.134)
For documentation on this error, please visit: https://selenium.dev/exceptions/#no_such_element
Build info: version: &apos;4.1.2&apos;, revision: &apos;9a5a329c5a&apos;
System info: host: &apos;LAPTOP-IKS9SD1L&apos;, ip: &apos;192.168.194.1&apos;, os.name: &apos;Windows 10&apos;, os.arch: &apos;amd64&apos;, os.version: &apos;10.0&apos;, java.version: &apos;15.0.2&apos;
Driver info: org.openqa.selenium.chrome.ChromeDriver
Command: [ea6a9e9831ab62eca8e562566f5e1623, findElement {using=xpath, value=//input[@id=&apos;pin&apos;]}]
Capabilities {acceptInsecureCerts: false, browserName: chrome, browserVersion: 103.0.5060.134, chrome: {chromedriverVersion: 103.0.5060.53 (a1711811edd7..., userDataDir: C:\Users\Sharayu\AppData\Lo...}, goog:chromeOptions: {debuggerAddress: localhost:63295}, javascriptEnabled: true, networkConnectionEnabled: false, pageLoadStrategy: normal, platform: WINDOWS, platformName: WINDOWS, proxy: Proxy(), se:cdp: ws://localhost:63295/devtoo..., se:cdpVersion: 103.0.5060.134, setWindowRect: true, strictFileInteractability: false, timeouts: {implicit: 0, pageLoad: 300000, script: 30000}, unhandledPromptBehavior: dismiss and notify, webauthn:extension:credBlob: true, webauthn:extension:largeBlob: true, webauthn:virtualAuthenticators: true}
Session ID: ea6a9e9831ab62eca8e562566f5e1623
	at org.openqa.selenium.remote.codec.w3c.W3CHttpResponseCodec.createException(W3CHttpResponseCodec.java:200)
	at org.openqa.selenium.remote.codec.w3c.W3CHttpResponseCodec.decode(W3CHttpResponseCodec.java:133)
	at org.openqa.selenium.remote.codec.w3c.W3CHttpResponseCodec.decode(W3CHttpResponseCodec.java:53)
	at org.openqa.selenium.remote.HttpCommandExecutor.execute(HttpCommandExecutor.java:184)
	at org.openqa.selenium.remote.service.DriverCommandExecutor.invokeExecute(DriverCommandExecutor.java:167)
	at org.openqa.selenium.remote.service.DriverCommandExecutor.execute(DriverCommandExecutor.java:142)
	at org.openqa.selenium.remote.RemoteWebDriver.execute(RemoteWebDriver.java:558)
	at org.openqa.selenium.remote.ElementLocation$ElementFinder$2.findElement(ElementLocation.java:162)
	at org.openqa.selenium.remote.ElementLocation.findElement(ElementLocation.java:60)
	at org.openqa.selenium.remote.RemoteWebDriver.findElement(RemoteWebDriver.java:382)
	at org.openqa.selenium.remote.RemoteWebDriver.findElement(RemoteWebDriver.java:374)
	at TestNGPrograms.kiteTest.kitelogin(kiteTest.java:27)
	at java.base/java.util.ArrayList.forEach(ArrayList.java:1511)
... Removed 32 stack frames
</div> <!-- stack-trace -->
                </div> <!-- method-content -->
              </div> <!-- method -->
              <div class="method">
                <div class="method-content">
                  <a name="kitelogin(XA0634, Sarika699!, 691991)">
                  </a> <!-- kitelogin(XA0634, Sarika699!, 691991) -->
                  <span class="method-name">kitelogin</span>
                  <span class="parameters">(XA0634, Sarika699!, 691991)</span>
                  <div class="stack-trace">java.lang.AssertionError: expected [Dashboard / Lite] but found [Dashboard / Kite]
	at TestNGPrograms.kiteTest.kitelogin(kiteTest.java:34)
	at java.base/java.util.ArrayList.forEach(ArrayList.java:1511)
... Removed 33 stack frames
</div> <!-- stack-trace -->
                </div> <!-- method-content -->
              </div> <!-- method -->
            </div> <!-- main-panel-content rounded-window-bottom -->
          </div> <!-- suite-Suite-class-failed -->
          <div class="suite-Suite-class-skipped">
            <div class="main-panel-header rounded-window-top">
              <img src="skipped.png"/>
              <span class="class-name">TestNGPrograms.ItestListenerWithExample</span>
            </div> <!-- main-panel-header rounded-window-top -->
            <div class="main-panel-content rounded-window-bottom">
              <div class="method">
                <div class="method-content">
                  <a name="failedM">
                  </a> <!-- failedM -->
                  <span class="method-name">failedM</span>
                  <div class="stack-trace">java.lang.AssertionError: expected [true] but found [false]
	at TestNGPrograms.ItestListenerWithExample.failedM(ItestListenerWithExample.java:46)
	at java.base/java.util.ArrayList.forEach(ArrayList.java:1511)
... Removed 31 stack frames
</div> <!-- stack-trace -->
                </div> <!-- method-content -->
              </div> <!-- method -->
              <div class="method">
                <div class="method-content">
                  <a name="failedM">
                  </a> <!-- failedM -->
                  <span class="method-name">failedM</span>
                  <div class="stack-trace">java.lang.AssertionError: expected [true] but found [false]
	at TestNGPrograms.ItestListenerWithExample.failedM(ItestListenerWithExample.java:46)
	at java.base/java.util.ArrayList.forEach(ArrayList.java:1511)
... Removed 31 stack frames
</div> <!-- stack-trace -->
                </div> <!-- method-content -->
              </div> <!-- method -->
              <div class="method">
                <div class="method-content">
                  <a name="failedM">
                  </a> <!-- failedM -->
                  <span class="method-name">failedM</span>
                  <div class="stack-trace">java.lang.AssertionError: expected [true] but found [false]
	at TestNGPrograms.ItestListenerWithExample.failedM(ItestListenerWithExample.java:46)
	at java.base/java.util.ArrayList.forEach(ArrayList.java:1511)
... Removed 31 stack frames
</div> <!-- stack-trace -->
                </div> <!-- method-content -->
              </div> <!-- method -->
              <div class="method">
                <div class="method-content">
                  <a name="failedM">
                  </a> <!-- failedM -->
                  <span class="method-name">failedM</span>
                  <div class="stack-trace">java.lang.AssertionError: expected [true] but found [false]
	at TestNGPrograms.ItestListenerWithExample.failedM(ItestListenerWithExample.java:46)
	at java.base/java.util.ArrayList.forEach(ArrayList.java:1511)
... Removed 31 stack frames
</div> <!-- stack-trace -->
                </div> <!-- method-content -->
              </div> <!-- method -->
              <div class="method">
                <div class="method-content">
                  <a name="testMethod2">
                  </a> <!-- testMethod2 -->
                  <span class="method-name">testMethod2</span>
                  <div class="stack-trace">java.lang.AssertionError: expected [11] but found [10]
	at TestNGPrograms.ItestListenerWithExample.testMethod2(ItestListenerWithExample.java:23)
	at java.base/java.util.ArrayList.forEach(ArrayList.java:1511)
... Removed 33 stack frames
</div> <!-- stack-trace -->
                </div> <!-- method-content -->
              </div> <!-- method -->
              <div class="method">
                <div class="method-content">
                  <a name="testMethod2">
                  </a> <!-- testMethod2 -->
                  <span class="method-name">testMethod2</span>
                  <div class="stack-trace">java.lang.AssertionError: expected [11] but found [10]
	at TestNGPrograms.ItestListenerWithExample.testMethod2(ItestListenerWithExample.java:23)
	at java.base/java.util.ArrayList.forEach(ArrayList.java:1511)
... Removed 33 stack frames
</div> <!-- stack-trace -->
                </div> <!-- method-content -->
              </div> <!-- method -->
              <div class="method">
                <div class="method-content">
                  <a name="testMethod2">
                  </a> <!-- testMethod2 -->
                  <span class="method-name">testMethod2</span>
                  <div class="stack-trace">java.lang.AssertionError: expected [11] but found [10]
	at TestNGPrograms.ItestListenerWithExample.testMethod2(ItestListenerWithExample.java:23)
	at java.base/java.util.ArrayList.forEach(ArrayList.java:1511)
... Removed 33 stack frames
</div> <!-- stack-trace -->
                </div> <!-- method-content -->
              </div> <!-- method -->
              <div class="method">
                <div class="method-content">
                  <a name="testMethod2">
                  </a> <!-- testMethod2 -->
                  <span class="method-name">testMethod2</span>
                  <div class="stack-trace">java.lang.AssertionError: expected [11] but found [10]
	at TestNGPrograms.ItestListenerWithExample.testMethod2(ItestListenerWithExample.java:23)
	at java.base/java.util.ArrayList.forEach(ArrayList.java:1511)
... Removed 33 stack frames
</div> <!-- stack-trace -->
                </div> <!-- method-content -->
              </div> <!-- method -->
              <div class="method">
                <div class="method-content">
                  <a name="testMethod3">
                  </a> <!-- testMethod3 -->
                  <span class="method-name">testMethod3</span>
                  <div class="stack-trace">org.testng.SkipException: Skipping this test case.
	at TestNGPrograms.ItestListenerWithExample.testMethod3(ItestListenerWithExample.java:30)
	at java.base/java.util.ArrayList.forEach(ArrayList.java:1511)
... Removed 27 stack frames
</div> <!-- stack-trace -->
                </div> <!-- method-content -->
              </div> <!-- method -->
              <div class="method">
                <div class="method-content">
                  <a name="testMethod4">
                  </a> <!-- testMethod4 -->
                  <span class="method-name">testMethod4</span>
                  <div class="stack-trace">java.lang.AssertionError: expected [100] but found [1]
	at TestNGPrograms.ItestListenerWithExample.testMethod4(ItestListenerWithExample.java:41)
	at java.base/java.util.ArrayList.forEach(ArrayList.java:1511)
... Removed 33 stack frames
</div> <!-- stack-trace -->
                </div> <!-- method-content -->
              </div> <!-- method -->
              <div class="method">
                <div class="method-content">
                  <a name="testMethod4">
                  </a> <!-- testMethod4 -->
                  <span class="method-name">testMethod4</span>
                  <div class="stack-trace">java.lang.AssertionError: expected [100] but found [2]
	at TestNGPrograms.ItestListenerWithExample.testMethod4(ItestListenerWithExample.java:41)
	at java.base/java.util.ArrayList.forEach(ArrayList.java:1511)
... Removed 33 stack frames
</div> <!-- stack-trace -->
                </div> <!-- method-content -->
              </div> <!-- method -->
            </div> <!-- main-panel-content rounded-window-bottom -->
          </div> <!-- suite-Suite-class-skipped -->
          <div class="suite-Suite-class-skipped">
            <div class="main-panel-header rounded-window-top">
              <img src="skipped.png"/>
              <span class="class-name">TestNGPrograms.kiteTest</span>
            </div> <!-- main-panel-header rounded-window-top -->
            <div class="main-panel-content rounded-window-bottom">
              <div class="method">
                <div class="method-content">
                  <a name="kitelogin(XA0634, 123454321, 122331)">
                  </a> <!-- kitelogin(XA0634, 123454321, 122331) -->
                  <span class="method-name">kitelogin</span>
                  <span class="parameters">(XA0634, 123454321, 122331)</span>
                  <div class="stack-trace">org.openqa.selenium.NoSuchElementException: no such element: Unable to locate element: {&quot;method&quot;:&quot;xpath&quot;,&quot;selector&quot;:&quot;//input[@id=&apos;pin&apos;]&quot;}
  (Session info: chrome=103.0.5060.134)
For documentation on this error, please visit: https://selenium.dev/exceptions/#no_such_element
Build info: version: &apos;4.1.2&apos;, revision: &apos;9a5a329c5a&apos;
System info: host: &apos;LAPTOP-IKS9SD1L&apos;, ip: &apos;192.168.194.1&apos;, os.name: &apos;Windows 10&apos;, os.arch: &apos;amd64&apos;, os.version: &apos;10.0&apos;, java.version: &apos;15.0.2&apos;
Driver info: org.openqa.selenium.chrome.ChromeDriver
Command: [925ad50c3d87eef763a931f3b34f43ce, findElement {using=xpath, value=//input[@id=&apos;pin&apos;]}]
Capabilities {acceptInsecureCerts: false, browserName: chrome, browserVersion: 103.0.5060.134, chrome: {chromedriverVersion: 103.0.5060.53 (a1711811edd7..., userDataDir: C:\Users\Sharayu\AppData\Lo...}, goog:chromeOptions: {debuggerAddress: localhost:62852}, javascriptEnabled: true, networkConnectionEnabled: false, pageLoadStrategy: normal, platform: WINDOWS, platformName: WINDOWS, proxy: Proxy(), se:cdp: ws://localhost:62852/devtoo..., se:cdpVersion: 103.0.5060.134, setWindowRect: true, strictFileInteractability: false, timeouts: {implicit: 0, pageLoad: 300000, script: 30000}, unhandledPromptBehavior: dismiss and notify, webauthn:extension:credBlob: true, webauthn:extension:largeBlob: true, webauthn:virtualAuthenticators: true}
Session ID: 925ad50c3d87eef763a931f3b34f43ce
	at org.openqa.selenium.remote.codec.w3c.W3CHttpResponseCodec.createException(W3CHttpResponseCodec.java:200)
	at org.openqa.selenium.remote.codec.w3c.W3CHttpResponseCodec.decode(W3CHttpResponseCodec.java:133)
	at org.openqa.selenium.remote.codec.w3c.W3CHttpResponseCodec.decode(W3CHttpResponseCodec.java:53)
	at org.openqa.selenium.remote.HttpCommandExecutor.execute(HttpCommandExecutor.java:184)
	at org.openqa.selenium.remote.service.DriverCommandExecutor.invokeExecute(DriverCommandExecutor.java:167)
	at org.openqa.selenium.remote.service.DriverCommandExecutor.execute(DriverCommandExecutor.java:142)
	at org.openqa.selenium.remote.RemoteWebDriver.execute(RemoteWebDriver.java:558)
	at org.openqa.selenium.remote.ElementLocation$ElementFinder$2.findElement(ElementLocation.java:162)
	at org.openqa.selenium.remote.ElementLocation.findElement(ElementLocation.java:60)
	at org.openqa.selenium.remote.RemoteWebDriver.findElement(RemoteWebDriver.java:382)
	at org.openqa.selenium.remote.RemoteWebDriver.findElement(RemoteWebDriver.java:374)
	at TestNGPrograms.kiteTest.kitelogin(kiteTest.java:27)
	at java.base/java.util.ArrayList.forEach(ArrayList.java:1511)
... Removed 32 stack frames
</div> <!-- stack-trace -->
                </div> <!-- method-content -->
              </div> <!-- method -->
              <div class="method">
                <div class="method-content">
                  <a name="kitelogin(XA0634, 123454321, 122331)">
                  </a> <!-- kitelogin(XA0634, 123454321, 122331) -->
                  <span class="method-name">kitelogin</span>
                  <span class="parameters">(XA0634, 123454321, 122331)</span>
                  <div class="stack-trace">java.lang.AssertionError: expected [Dashboard / Lite] but found [Kite - Zerodha&apos;s fast and elegant flagship trading platform]
	at TestNGPrograms.kiteTest.kitelogin(kiteTest.java:34)
	at java.base/java.util.ArrayList.forEach(ArrayList.java:1511)
... Removed 33 stack frames
</div> <!-- stack-trace -->
                </div> <!-- method-content -->
              </div> <!-- method -->
              <div class="method">
                <div class="method-content">
                  <a name="kitelogin(XA0634, Sarika699!, 691991)">
                  </a> <!-- kitelogin(XA0634, Sarika699!, 691991) -->
                  <span class="method-name">kitelogin</span>
                  <span class="parameters">(XA0634, Sarika699!, 691991)</span>
                  <div class="stack-trace">java.lang.AssertionError: expected [Dashboard / Lite] but found [Dashboard / Kite]
	at TestNGPrograms.kiteTest.kitelogin(kiteTest.java:34)
	at java.base/java.util.ArrayList.forEach(ArrayList.java:1511)
... Removed 33 stack frames
</div> <!-- stack-trace -->
                </div> <!-- method-content -->
              </div> <!-- method -->
              <div class="method">
                <div class="method-content">
                  <a name="kitelogin(XA0342, 1234532, 231111)">
                  </a> <!-- kitelogin(XA0342, 1234532, 231111) -->
                  <span class="method-name">kitelogin</span>
                  <span class="parameters">(XA0342, 1234532, 231111)</span>
                  <div class="stack-trace">org.openqa.selenium.NoSuchElementException: no such element: Unable to locate element: {&quot;method&quot;:&quot;xpath&quot;,&quot;selector&quot;:&quot;//input[@id=&apos;pin&apos;]&quot;}
  (Session info: chrome=103.0.5060.134)
For documentation on this error, please visit: https://selenium.dev/exceptions/#no_such_element
Build info: version: &apos;4.1.2&apos;, revision: &apos;9a5a329c5a&apos;
System info: host: &apos;LAPTOP-IKS9SD1L&apos;, ip: &apos;192.168.194.1&apos;, os.name: &apos;Windows 10&apos;, os.arch: &apos;amd64&apos;, os.version: &apos;10.0&apos;, java.version: &apos;15.0.2&apos;
Driver info: org.openqa.selenium.chrome.ChromeDriver
Command: [eb702e3d38258e83c0145173d5f37029, findElement {using=xpath, value=//input[@id=&apos;pin&apos;]}]
Capabilities {acceptInsecureCerts: false, browserName: chrome, browserVersion: 103.0.5060.134, chrome: {chromedriverVersion: 103.0.5060.53 (a1711811edd7..., userDataDir: C:\Users\Sharayu\AppData\Lo...}, goog:chromeOptions: {debuggerAddress: localhost:63223}, javascriptEnabled: true, networkConnectionEnabled: false, pageLoadStrategy: normal, platform: WINDOWS, platformName: WINDOWS, proxy: Proxy(), se:cdp: ws://localhost:63223/devtoo..., se:cdpVersion: 103.0.5060.134, setWindowRect: true, strictFileInteractability: false, timeouts: {implicit: 0, pageLoad: 300000, script: 30000}, unhandledPromptBehavior: dismiss and notify, webauthn:extension:credBlob: true, webauthn:extension:largeBlob: true, webauthn:virtualAuthenticators: true}
Session ID: eb702e3d38258e83c0145173d5f37029
	at org.openqa.selenium.remote.codec.w3c.W3CHttpResponseCodec.createException(W3CHttpResponseCodec.java:200)
	at org.openqa.selenium.remote.codec.w3c.W3CHttpResponseCodec.decode(W3CHttpResponseCodec.java:133)
	at org.openqa.selenium.remote.codec.w3c.W3CHttpResponseCodec.decode(W3CHttpResponseCodec.java:53)
	at org.openqa.selenium.remote.HttpCommandExecutor.execute(HttpCommandExecutor.java:184)
	at org.openqa.selenium.remote.service.DriverCommandExecutor.invokeExecute(DriverCommandExecutor.java:167)
	at org.openqa.selenium.remote.service.DriverCommandExecutor.execute(DriverCommandExecutor.java:142)
	at org.openqa.selenium.remote.RemoteWebDriver.execute(RemoteWebDriver.java:558)
	at org.openqa.selenium.remote.ElementLocation$ElementFinder$2.findElement(ElementLocation.java:162)
	at org.openqa.selenium.remote.ElementLocation.findElement(ElementLocation.java:60)
	at org.openqa.selenium.remote.RemoteWebDriver.findElement(RemoteWebDriver.java:382)
	at org.openqa.selenium.remote.RemoteWebDriver.findElement(RemoteWebDriver.java:374)
	at TestNGPrograms.kiteTest.kitelogin(kiteTest.java:27)
	at java.base/java.util.ArrayList.forEach(ArrayList.java:1511)
... Removed 32 stack frames
</div> <!-- stack-trace -->
                </div> <!-- method-content -->
              </div> <!-- method -->
              <div class="method">
                <div class="method-content">
                  <a name="kitelogin(XA0634, Sarika699!, 691991)">
                  </a> <!-- kitelogin(XA0634, Sarika699!, 691991) -->
                  <span class="method-name">kitelogin</span>
                  <span class="parameters">(XA0634, Sarika699!, 691991)</span>
                  <div class="stack-trace">java.lang.AssertionError: expected [Dashboard / Lite] but found [Dashboard / Kite]
	at TestNGPrograms.kiteTest.kitelogin(kiteTest.java:34)
	at java.base/java.util.ArrayList.forEach(ArrayList.java:1511)
... Removed 33 stack frames
</div> <!-- stack-trace -->
                </div> <!-- method-content -->
              </div> <!-- method -->
              <div class="method">
                <div class="method-content">
                  <a name="kitelogin(XA0342, 1234532, 231111)">
                  </a> <!-- kitelogin(XA0342, 1234532, 231111) -->
                  <span class="method-name">kitelogin</span>
                  <span class="parameters">(XA0342, 1234532, 231111)</span>
                  <div class="stack-trace">org.openqa.selenium.NoSuchElementException: no such element: Unable to locate element: {&quot;method&quot;:&quot;xpath&quot;,&quot;selector&quot;:&quot;//input[@id=&apos;pin&apos;]&quot;}
  (Session info: chrome=103.0.5060.134)
For documentation on this error, please visit: https://selenium.dev/exceptions/#no_such_element
Build info: version: &apos;4.1.2&apos;, revision: &apos;9a5a329c5a&apos;
System info: host: &apos;LAPTOP-IKS9SD1L&apos;, ip: &apos;192.168.194.1&apos;, os.name: &apos;Windows 10&apos;, os.arch: &apos;amd64&apos;, os.version: &apos;10.0&apos;, java.version: &apos;15.0.2&apos;
Driver info: org.openqa.selenium.chrome.ChromeDriver
Command: [6e399632bb389603f85bb7eae6cd7626, findElement {using=xpath, value=//input[@id=&apos;pin&apos;]}]
Capabilities {acceptInsecureCerts: false, browserName: chrome, browserVersion: 103.0.5060.134, chrome: {chromedriverVersion: 103.0.5060.53 (a1711811edd7..., userDataDir: C:\Users\Sharayu\AppData\Lo...}, goog:chromeOptions: {debuggerAddress: localhost:63253}, javascriptEnabled: true, networkConnectionEnabled: false, pageLoadStrategy: normal, platform: WINDOWS, platformName: WINDOWS, proxy: Proxy(), se:cdp: ws://localhost:63253/devtoo..., se:cdpVersion: 103.0.5060.134, setWindowRect: true, strictFileInteractability: false, timeouts: {implicit: 0, pageLoad: 300000, script: 30000}, unhandledPromptBehavior: dismiss and notify, webauthn:extension:credBlob: true, webauthn:extension:largeBlob: true, webauthn:virtualAuthenticators: true}
Session ID: 6e399632bb389603f85bb7eae6cd7626
	at org.openqa.selenium.remote.codec.w3c.W3CHttpResponseCodec.createException(W3CHttpResponseCodec.java:200)
	at org.openqa.selenium.remote.codec.w3c.W3CHttpResponseCodec.decode(W3CHttpResponseCodec.java:133)
	at org.openqa.selenium.remote.codec.w3c.W3CHttpResponseCodec.decode(W3CHttpResponseCodec.java:53)
	at org.openqa.selenium.remote.HttpCommandExecutor.execute(HttpCommandExecutor.java:184)
	at org.openqa.selenium.remote.service.DriverCommandExecutor.invokeExecute(DriverCommandExecutor.java:167)
	at org.openqa.selenium.remote.service.DriverCommandExecutor.execute(DriverCommandExecutor.java:142)
	at org.openqa.selenium.remote.RemoteWebDriver.execute(RemoteWebDriver.java:558)
	at org.openqa.selenium.remote.ElementLocation$ElementFinder$2.findElement(ElementLocation.java:162)
	at org.openqa.selenium.remote.ElementLocation.findElement(ElementLocation.java:60)
	at org.openqa.selenium.remote.RemoteWebDriver.findElement(RemoteWebDriver.java:382)
	at org.openqa.selenium.remote.RemoteWebDriver.findElement(RemoteWebDriver.java:374)
	at TestNGPrograms.kiteTest.kitelogin(kiteTest.java:27)
	at java.base/java.util.ArrayList.forEach(ArrayList.java:1511)
... Removed 32 stack frames
</div> <!-- stack-trace -->
                </div> <!-- method-content -->
              </div> <!-- method -->
              <div class="method">
                <div class="method-content">
                  <a name="kitelogin(XA0342, 1234532, 231111)">
                  </a> <!-- kitelogin(XA0342, 1234532, 231111) -->
                  <span class="method-name">kitelogin</span>
                  <span class="parameters">(XA0342, 1234532, 231111)</span>
                  <div class="stack-trace">org.openqa.selenium.NoSuchElementException: no such element: Unable to locate element: {&quot;method&quot;:&quot;xpath&quot;,&quot;selector&quot;:&quot;//input[@id=&apos;pin&apos;]&quot;}
  (Session info: chrome=103.0.5060.134)
For documentation on this error, please visit: https://selenium.dev/exceptions/#no_such_element
Build info: version: &apos;4.1.2&apos;, revision: &apos;9a5a329c5a&apos;
System info: host: &apos;LAPTOP-IKS9SD1L&apos;, ip: &apos;192.168.194.1&apos;, os.name: &apos;Windows 10&apos;, os.arch: &apos;amd64&apos;, os.version: &apos;10.0&apos;, java.version: &apos;15.0.2&apos;
Driver info: org.openqa.selenium.chrome.ChromeDriver
Command: [bda6d6d46a9797a10f9e0d14d6c9e264, findElement {using=xpath, value=//input[@id=&apos;pin&apos;]}]
Capabilities {acceptInsecureCerts: false, browserName: chrome, browserVersion: 103.0.5060.134, chrome: {chromedriverVersion: 103.0.5060.53 (a1711811edd7..., userDataDir: C:\Users\Sharayu\AppData\Lo...}, goog:chromeOptions: {debuggerAddress: localhost:63124}, javascriptEnabled: true, networkConnectionEnabled: false, pageLoadStrategy: normal, platform: WINDOWS, platformName: WINDOWS, proxy: Proxy(), se:cdp: ws://localhost:63124/devtoo..., se:cdpVersion: 103.0.5060.134, setWindowRect: true, strictFileInteractability: false, timeouts: {implicit: 0, pageLoad: 300000, script: 30000}, unhandledPromptBehavior: dismiss and notify, webauthn:extension:credBlob: true, webauthn:extension:largeBlob: true, webauthn:virtualAuthenticators: true}
Session ID: bda6d6d46a9797a10f9e0d14d6c9e264
	at org.openqa.selenium.remote.codec.w3c.W3CHttpResponseCodec.createException(W3CHttpResponseCodec.java:200)
	at org.openqa.selenium.remote.codec.w3c.W3CHttpResponseCodec.decode(W3CHttpResponseCodec.java:133)
	at org.openqa.selenium.remote.codec.w3c.W3CHttpResponseCodec.decode(W3CHttpResponseCodec.java:53)
	at org.openqa.selenium.remote.HttpCommandExecutor.execute(HttpCommandExecutor.java:184)
	at org.openqa.selenium.remote.service.DriverCommandExecutor.invokeExecute(DriverCommandExecutor.java:167)
	at org.openqa.selenium.remote.service.DriverCommandExecutor.execute(DriverCommandExecutor.java:142)
	at org.openqa.selenium.remote.RemoteWebDriver.execute(RemoteWebDriver.java:558)
	at org.openqa.selenium.remote.ElementLocation$ElementFinder$2.findElement(ElementLocation.java:162)
	at org.openqa.selenium.remote.ElementLocation.findElement(ElementLocation.java:60)
	at org.openqa.selenium.remote.RemoteWebDriver.findElement(RemoteWebDriver.java:382)
	at org.openqa.selenium.remote.RemoteWebDriver.findElement(RemoteWebDriver.java:374)
	at TestNGPrograms.kiteTest.kitelogin(kiteTest.java:27)
	at java.base/java.util.ArrayList.forEach(ArrayList.java:1511)
... Removed 32 stack frames
</div> <!-- stack-trace -->
                </div> <!-- method-content -->
              </div> <!-- method -->
              <div class="method">
                <div class="method-content">
                  <a name="kitelogin(XA0634, Sarika699!, 691991)">
                  </a> <!-- kitelogin(XA0634, Sarika699!, 691991) -->
                  <span class="method-name">kitelogin</span>
                  <span class="parameters">(XA0634, Sarika699!, 691991)</span>
                  <div class="stack-trace">java.lang.AssertionError: expected [Dashboard / Lite] but found [Dashboard / Kite]
	at TestNGPrograms.kiteTest.kitelogin(kiteTest.java:34)
	at java.base/java.util.ArrayList.forEach(ArrayList.java:1511)
... Removed 33 stack frames
</div> <!-- stack-trace -->
                </div> <!-- method-content -->
              </div> <!-- method -->
              <div class="method">
                <div class="method-content">
                  <a name="kitelogin(XA0634, 123454321, 122331)">
                  </a> <!-- kitelogin(XA0634, 123454321, 122331) -->
                  <span class="method-name">kitelogin</span>
                  <span class="parameters">(XA0634, 123454321, 122331)</span>
                  <div class="stack-trace">org.openqa.selenium.NoSuchElementException: no such element: Unable to locate element: {&quot;method&quot;:&quot;xpath&quot;,&quot;selector&quot;:&quot;//input[@id=&apos;pin&apos;]&quot;}
  (Session info: chrome=103.0.5060.134)
For documentation on this error, please visit: https://selenium.dev/exceptions/#no_such_element
Build info: version: &apos;4.1.2&apos;, revision: &apos;9a5a329c5a&apos;
System info: host: &apos;LAPTOP-IKS9SD1L&apos;, ip: &apos;192.168.194.1&apos;, os.name: &apos;Windows 10&apos;, os.arch: &apos;amd64&apos;, os.version: &apos;10.0&apos;, java.version: &apos;15.0.2&apos;
Driver info: org.openqa.selenium.chrome.ChromeDriver
Command: [cf8268ee3f54671ff9f93861befb141a, findElement {using=xpath, value=//input[@id=&apos;pin&apos;]}]
Capabilities {acceptInsecureCerts: false, browserName: chrome, browserVersion: 103.0.5060.134, chrome: {chromedriverVersion: 103.0.5060.53 (a1711811edd7..., userDataDir: C:\Users\Sharayu\AppData\Lo...}, goog:chromeOptions: {debuggerAddress: localhost:62952}, javascriptEnabled: true, networkConnectionEnabled: false, pageLoadStrategy: normal, platform: WINDOWS, platformName: WINDOWS, proxy: Proxy(), se:cdp: ws://localhost:62952/devtoo..., se:cdpVersion: 103.0.5060.134, setWindowRect: true, strictFileInteractability: false, timeouts: {implicit: 0, pageLoad: 300000, script: 30000}, unhandledPromptBehavior: dismiss and notify, webauthn:extension:credBlob: true, webauthn:extension:largeBlob: true, webauthn:virtualAuthenticators: true}
Session ID: cf8268ee3f54671ff9f93861befb141a
	at org.openqa.selenium.remote.codec.w3c.W3CHttpResponseCodec.createException(W3CHttpResponseCodec.java:200)
	at org.openqa.selenium.remote.codec.w3c.W3CHttpResponseCodec.decode(W3CHttpResponseCodec.java:133)
	at org.openqa.selenium.remote.codec.w3c.W3CHttpResponseCodec.decode(W3CHttpResponseCodec.java:53)
	at org.openqa.selenium.remote.HttpCommandExecutor.execute(HttpCommandExecutor.java:184)
	at org.openqa.selenium.remote.service.DriverCommandExecutor.invokeExecute(DriverCommandExecutor.java:167)
	at org.openqa.selenium.remote.service.DriverCommandExecutor.execute(DriverCommandExecutor.java:142)
	at org.openqa.selenium.remote.RemoteWebDriver.execute(RemoteWebDriver.java:558)
	at org.openqa.selenium.remote.ElementLocation$ElementFinder$2.findElement(ElementLocation.java:162)
	at org.openqa.selenium.remote.ElementLocation.findElement(ElementLocation.java:60)
	at org.openqa.selenium.remote.RemoteWebDriver.findElement(RemoteWebDriver.java:382)
	at org.openqa.selenium.remote.RemoteWebDriver.findElement(RemoteWebDriver.java:374)
	at TestNGPrograms.kiteTest.kitelogin(kiteTest.java:27)
	at java.base/java.util.ArrayList.forEach(ArrayList.java:1511)
... Removed 32 stack frames
</div> <!-- stack-trace -->
                </div> <!-- method-content -->
              </div> <!-- method -->
              <div class="method">
                <div class="method-content">
                  <a name="kitelogin(XA0634, Sarika699!, 691991)">
                  </a> <!-- kitelogin(XA0634, Sarika699!, 691991) -->
                  <span class="method-name">kitelogin</span>
                  <span class="parameters">(XA0634, Sarika699!, 691991)</span>
                  <div class="stack-trace">java.lang.AssertionError: expected [Dashboard / Lite] but found [Dashboard / Kite]
	at TestNGPrograms.kiteTest.kitelogin(kiteTest.java:34)
	at java.base/java.util.ArrayList.forEach(ArrayList.java:1511)
... Removed 33 stack frames
</div> <!-- stack-trace -->
                </div> <!-- method-content -->
              </div> <!-- method -->
              <div class="method">
                <div class="method-content">
                  <a name="kitelogin(XA0342, 1234532, 231111)">
                  </a> <!-- kitelogin(XA0342, 1234532, 231111) -->
                  <span class="method-name">kitelogin</span>
                  <span class="parameters">(XA0342, 1234532, 231111)</span>
                  <div class="stack-trace">org.openqa.selenium.NoSuchElementException: no such element: Unable to locate element: {&quot;method&quot;:&quot;xpath&quot;,&quot;selector&quot;:&quot;//input[@id=&apos;pin&apos;]&quot;}
  (Session info: chrome=103.0.5060.134)
For documentation on this error, please visit: https://selenium.dev/exceptions/#no_such_element
Build info: version: &apos;4.1.2&apos;, revision: &apos;9a5a329c5a&apos;
System info: host: &apos;LAPTOP-IKS9SD1L&apos;, ip: &apos;192.168.194.1&apos;, os.name: &apos;Windows 10&apos;, os.arch: &apos;amd64&apos;, os.version: &apos;10.0&apos;, java.version: &apos;15.0.2&apos;
Driver info: org.openqa.selenium.chrome.ChromeDriver
Command: [8504eaf5d1ffe3ab4abbe33b6e0bdadf, findElement {using=xpath, value=//input[@id=&apos;pin&apos;]}]
Capabilities {acceptInsecureCerts: false, browserName: chrome, browserVersion: 103.0.5060.134, chrome: {chromedriverVersion: 103.0.5060.53 (a1711811edd7..., userDataDir: C:\Users\Sharayu\AppData\Lo...}, goog:chromeOptions: {debuggerAddress: localhost:63275}, javascriptEnabled: true, networkConnectionEnabled: false, pageLoadStrategy: normal, platform: WINDOWS, platformName: WINDOWS, proxy: Proxy(), se:cdp: ws://localhost:63275/devtoo..., se:cdpVersion: 103.0.5060.134, setWindowRect: true, strictFileInteractability: false, timeouts: {implicit: 0, pageLoad: 300000, script: 30000}, unhandledPromptBehavior: dismiss and notify, webauthn:extension:credBlob: true, webauthn:extension:largeBlob: true, webauthn:virtualAuthenticators: true}
Session ID: 8504eaf5d1ffe3ab4abbe33b6e0bdadf
	at org.openqa.selenium.remote.codec.w3c.W3CHttpResponseCodec.createException(W3CHttpResponseCodec.java:200)
	at org.openqa.selenium.remote.codec.w3c.W3CHttpResponseCodec.decode(W3CHttpResponseCodec.java:133)
	at org.openqa.selenium.remote.codec.w3c.W3CHttpResponseCodec.decode(W3CHttpResponseCodec.java:53)
	at org.openqa.selenium.remote.HttpCommandExecutor.execute(HttpCommandExecutor.java:184)
	at org.openqa.selenium.remote.service.DriverCommandExecutor.invokeExecute(DriverCommandExecutor.java:167)
	at org.openqa.selenium.remote.service.DriverCommandExecutor.execute(DriverCommandExecutor.java:142)
	at org.openqa.selenium.remote.RemoteWebDriver.execute(RemoteWebDriver.java:558)
	at org.openqa.selenium.remote.ElementLocation$ElementFinder$2.findElement(ElementLocation.java:162)
	at org.openqa.selenium.remote.ElementLocation.findElement(ElementLocation.java:60)
	at org.openqa.selenium.remote.RemoteWebDriver.findElement(RemoteWebDriver.java:382)
	at org.openqa.selenium.remote.RemoteWebDriver.findElement(RemoteWebDriver.java:374)
	at TestNGPrograms.kiteTest.kitelogin(kiteTest.java:27)
	at java.base/java.util.ArrayList.forEach(ArrayList.java:1511)
... Removed 32 stack frames
</div> <!-- stack-trace -->
                </div> <!-- method-content -->
              </div> <!-- method -->
              <div class="method">
                <div class="method-content">
                  <a name="kitelogin(XA0634, 123454321, 122331)">
                  </a> <!-- kitelogin(XA0634, 123454321, 122331) -->
                  <span class="method-name">kitelogin</span>
                  <span class="parameters">(XA0634, 123454321, 122331)</span>
                  <div class="stack-trace">org.openqa.selenium.NoSuchElementException: no such element: Unable to locate element: {&quot;method&quot;:&quot;xpath&quot;,&quot;selector&quot;:&quot;//input[@id=&apos;pin&apos;]&quot;}
  (Session info: chrome=103.0.5060.134)
For documentation on this error, please visit: https://selenium.dev/exceptions/#no_such_element
Build info: version: &apos;4.1.2&apos;, revision: &apos;9a5a329c5a&apos;
System info: host: &apos;LAPTOP-IKS9SD1L&apos;, ip: &apos;192.168.194.1&apos;, os.name: &apos;Windows 10&apos;, os.arch: &apos;amd64&apos;, os.version: &apos;10.0&apos;, java.version: &apos;15.0.2&apos;
Driver info: org.openqa.selenium.chrome.ChromeDriver
Command: [00273defed554d8a7d97885bb992b395, findElement {using=xpath, value=//input[@id=&apos;pin&apos;]}]
Capabilities {acceptInsecureCerts: false, browserName: chrome, browserVersion: 103.0.5060.134, chrome: {chromedriverVersion: 103.0.5060.53 (a1711811edd7..., userDataDir: C:\Users\Sharayu\AppData\Lo...}, goog:chromeOptions: {debuggerAddress: localhost:62821}, javascriptEnabled: true, networkConnectionEnabled: false, pageLoadStrategy: normal, platform: WINDOWS, platformName: WINDOWS, proxy: Proxy(), se:cdp: ws://localhost:62821/devtoo..., se:cdpVersion: 103.0.5060.134, setWindowRect: true, strictFileInteractability: false, timeouts: {implicit: 0, pageLoad: 300000, script: 30000}, unhandledPromptBehavior: dismiss and notify, webauthn:extension:credBlob: true, webauthn:extension:largeBlob: true, webauthn:virtualAuthenticators: true}
Session ID: 00273defed554d8a7d97885bb992b395
	at org.openqa.selenium.remote.codec.w3c.W3CHttpResponseCodec.createException(W3CHttpResponseCodec.java:200)
	at org.openqa.selenium.remote.codec.w3c.W3CHttpResponseCodec.decode(W3CHttpResponseCodec.java:133)
	at org.openqa.selenium.remote.codec.w3c.W3CHttpResponseCodec.decode(W3CHttpResponseCodec.java:53)
	at org.openqa.selenium.remote.HttpCommandExecutor.execute(HttpCommandExecutor.java:184)
	at org.openqa.selenium.remote.service.DriverCommandExecutor.invokeExecute(DriverCommandExecutor.java:167)
	at org.openqa.selenium.remote.service.DriverCommandExecutor.execute(DriverCommandExecutor.java:142)
	at org.openqa.selenium.remote.RemoteWebDriver.execute(RemoteWebDriver.java:558)
	at org.openqa.selenium.remote.ElementLocation$ElementFinder$2.findElement(ElementLocation.java:162)
	at org.openqa.selenium.remote.ElementLocation.findElement(ElementLocation.java:60)
	at org.openqa.selenium.remote.RemoteWebDriver.findElement(RemoteWebDriver.java:382)
	at org.openqa.selenium.remote.RemoteWebDriver.findElement(RemoteWebDriver.java:374)
	at TestNGPrograms.kiteTest.kitelogin(kiteTest.java:27)
	at java.base/java.util.ArrayList.forEach(ArrayList.java:1511)
... Removed 32 stack frames
</div> <!-- stack-trace -->
                </div> <!-- method-content -->
              </div> <!-- method -->
            </div> <!-- main-panel-content rounded-window-bottom -->
          </div> <!-- suite-Suite-class-skipped -->
          <div class="suite-Suite-class-passed">
            <div class="main-panel-header rounded-window-top">
              <img src="passed.png"/>
              <span class="class-name">TestNGPrograms.ItestListenerWithExample</span>
            </div> <!-- main-panel-header rounded-window-top -->
            <div class="main-panel-content rounded-window-bottom">
              <div class="method">
                <div class="method-content">
                  <a name="testMethod1">
                  </a> <!-- testMethod1 -->
                  <span class="method-name">testMethod1</span>
                </div> <!-- method-content -->
              </div> <!-- method -->
              <div class="method">
                <div class="method-content">
                  <a name="testMethod4">
                  </a> <!-- testMethod4 -->
                  <span class="method-name">testMethod4</span>
                </div> <!-- method-content -->
              </div> <!-- method -->
              <div class="method">
                <div class="method-content">
                  <a name="testMethod4">
                  </a> <!-- testMethod4 -->
                  <span class="method-name">testMethod4</span>
                </div> <!-- method-content -->
              </div> <!-- method -->
              <div class="method">
                <div class="method-content">
                  <a name="testMethod4">
                  </a> <!-- testMethod4 -->
                  <span class="method-name">testMethod4</span>
                </div> <!-- method-content -->
              </div> <!-- method -->
              <div class="method">
                <div class="method-content">
                  <a name="testMethod4">
                  </a> <!-- testMethod4 -->
                  <span class="method-name">testMethod4</span>
                </div> <!-- method-content -->
              </div> <!-- method -->
              <div class="method">
                <div class="method-content">
                  <a name="testMethod4">
                  </a> <!-- testMethod4 -->
                  <span class="method-name">testMethod4</span>
                </div> <!-- method-content -->
              </div> <!-- method -->
            </div> <!-- main-panel-content rounded-window-bottom -->
          </div> <!-- suite-Suite-class-passed -->
        </div> <!-- panel Suite -->
        <div panel-name="test-xml-Suite" class="panel">
          <div class="main-panel-header rounded-window-top">
            <span class="header-content">C:\TestNGDemo\testnglistner.xml</span>
          </div> <!-- main-panel-header rounded-window-top -->
          <div class="main-panel-content rounded-window-bottom">
            <pre>
&lt;?xml version=&quot;1.0&quot; encoding=&quot;UTF-8&quot;?&gt;
&lt;!DOCTYPE suite SYSTEM &quot;https://testng.org/testng-1.0.dtd&quot;&gt;
&lt;suite name=&quot;Suite&quot; guice-stage=&quot;DEVELOPMENT&quot;&gt;
  &lt;listeners&gt;
    &lt;listener class-name=&quot;TestNGPrograms.TestListeners&quot;/&gt;
    &lt;listener class-name=&quot;TestNGPrograms.AnnotationTransformer&quot;/&gt;
  &lt;/listeners&gt;
  &lt;test thread-count=&quot;5&quot; name=&quot;Test&quot;&gt;
    &lt;classes&gt;
      &lt;class name=&quot;TestNGPrograms.ItestListenerWithExample&quot;/&gt;
      &lt;class name=&quot;TestNGPrograms.kiteTest&quot;/&gt;
    &lt;/classes&gt;
  &lt;/test&gt; &lt;!-- Test --&gt;
&lt;/suite&gt; &lt;!-- Suite --&gt;
            </pre>
          </div> <!-- main-panel-content rounded-window-bottom -->
        </div> <!-- panel -->
        <div panel-name="testlist-Suite" class="panel">
          <div class="main-panel-header rounded-window-top">
            <span class="header-content">Tests for Suite</span>
          </div> <!-- main-panel-header rounded-window-top -->
          <div class="main-panel-content rounded-window-bottom">
            <ul>
              <li>
                <span class="test-name">Test (2 classes)</span>
              </li>
            </ul>
          </div> <!-- main-panel-content rounded-window-bottom -->
        </div> <!-- panel -->
        <div panel-name="group-Suite" class="panel">
          <div class="main-panel-header rounded-window-top">
            <span class="header-content">Groups for Suite</span>
          </div> <!-- main-panel-header rounded-window-top -->
          <div class="main-panel-content rounded-window-bottom">
          </div> <!-- main-panel-content rounded-window-bottom -->
        </div> <!-- panel -->
        <div panel-name="times-Suite" class="panel">
          <div class="main-panel-header rounded-window-top">
            <span class="header-content">Times for Suite</span>
          </div> <!-- main-panel-header rounded-window-top -->
          <div class="main-panel-content rounded-window-bottom">
            <div class="times-div">
              <script type="text/javascript">
suiteTableInitFunctions.push('tableData_Suite');
function tableData_Suite() {
var data = new google.visualization.DataTable();
data.addColumn('number', 'Number');
data.addColumn('string', 'Method');
data.addColumn('string', 'Class');
data.addColumn('number', 'Time (ms)');
data.addRows(34);
data.setCell(0, 0, 0)
data.setCell(0, 1, 'kitelogin')
data.setCell(0, 2, 'TestNGPrograms.kiteTest')
data.setCell(0, 3, 53012);
data.setCell(1, 0, 1)
data.setCell(1, 1, 'kitelogin')
data.setCell(1, 2, 'TestNGPrograms.kiteTest')
data.setCell(1, 3, 38552);
data.setCell(2, 0, 2)
data.setCell(2, 1, 'kitelogin')
data.setCell(2, 2, 'TestNGPrograms.kiteTest')
data.setCell(2, 3, 37034);
data.setCell(3, 0, 3)
data.setCell(3, 1, 'kitelogin')
data.setCell(3, 2, 'TestNGPrograms.kiteTest')
data.setCell(3, 3, 23948);
data.setCell(4, 0, 4)
data.setCell(4, 1, 'kitelogin')
data.setCell(4, 2, 'TestNGPrograms.kiteTest')
data.setCell(4, 3, 23028);
data.setCell(5, 0, 5)
data.setCell(5, 1, 'kitelogin')
data.setCell(5, 2, 'TestNGPrograms.kiteTest')
data.setCell(5, 3, 22180);
data.setCell(6, 0, 6)
data.setCell(6, 1, 'kitelogin')
data.setCell(6, 2, 'TestNGPrograms.kiteTest')
data.setCell(6, 3, 21244);
data.setCell(7, 0, 7)
data.setCell(7, 1, 'kitelogin')
data.setCell(7, 2, 'TestNGPrograms.kiteTest')
data.setCell(7, 3, 20810);
data.setCell(8, 0, 8)
data.setCell(8, 1, 'kitelogin')
data.setCell(8, 2, 'TestNGPrograms.kiteTest')
data.setCell(8, 3, 20052);
data.setCell(9, 0, 9)
data.setCell(9, 1, 'kitelogin')
data.setCell(9, 2, 'TestNGPrograms.kiteTest')
data.setCell(9, 3, 17647);
data.setCell(10, 0, 10)
data.setCell(10, 1, 'kitelogin')
data.setCell(10, 2, 'TestNGPrograms.kiteTest')
data.setCell(10, 3, 17311);
data.setCell(11, 0, 11)
data.setCell(11, 1, 'kitelogin')
data.setCell(11, 2, 'TestNGPrograms.kiteTest')
data.setCell(11, 3, 11847);
data.setCell(12, 0, 12)
data.setCell(12, 1, 'kitelogin')
data.setCell(12, 2, 'TestNGPrograms.kiteTest')
data.setCell(12, 3, 10701);
data.setCell(13, 0, 13)
data.setCell(13, 1, 'kitelogin')
data.setCell(13, 2, 'TestNGPrograms.kiteTest')
data.setCell(13, 3, 10681);
data.setCell(14, 0, 14)
data.setCell(14, 1, 'kitelogin')
data.setCell(14, 2, 'TestNGPrograms.kiteTest')
data.setCell(14, 3, 9272);
data.setCell(15, 0, 15)
data.setCell(15, 1, 'failedM')
data.setCell(15, 2, 'TestNGPrograms.ItestListenerWithExample')
data.setCell(15, 3, 11);
data.setCell(16, 0, 16)
data.setCell(16, 1, 'testMethod4')
data.setCell(16, 2, 'TestNGPrograms.ItestListenerWithExample')
data.setCell(16, 3, 5);
data.setCell(17, 0, 17)
data.setCell(17, 1, 'testMethod4')
data.setCell(17, 2, 'TestNGPrograms.ItestListenerWithExample')
data.setCell(17, 3, 5);
data.setCell(18, 0, 18)
data.setCell(18, 1, 'testMethod4')
data.setCell(18, 2, 'TestNGPrograms.ItestListenerWithExample')
data.setCell(18, 3, 4);
data.setCell(19, 0, 19)
data.setCell(19, 1, 'failedM')
data.setCell(19, 2, 'TestNGPrograms.ItestListenerWithExample')
data.setCell(19, 3, 3);
data.setCell(20, 0, 20)
data.setCell(20, 1, 'testMethod4')
data.setCell(20, 2, 'TestNGPrograms.ItestListenerWithExample')
data.setCell(20, 3, 2);
data.setCell(21, 0, 21)
data.setCell(21, 1, 'testMethod4')
data.setCell(21, 2, 'TestNGPrograms.ItestListenerWithExample')
data.setCell(21, 3, 2);
data.setCell(22, 0, 22)
data.setCell(22, 1, 'testMethod1')
data.setCell(22, 2, 'TestNGPrograms.ItestListenerWithExample')
data.setCell(22, 3, 2);
data.setCell(23, 0, 23)
data.setCell(23, 1, 'testMethod4')
data.setCell(23, 2, 'TestNGPrograms.ItestListenerWithExample')
data.setCell(23, 3, 2);
data.setCell(24, 0, 24)
data.setCell(24, 1, 'failedM')
data.setCell(24, 2, 'TestNGPrograms.ItestListenerWithExample')
data.setCell(24, 3, 2);
data.setCell(25, 0, 25)
data.setCell(25, 1, 'testMethod3')
data.setCell(25, 2, 'TestNGPrograms.ItestListenerWithExample')
data.setCell(25, 3, 2);
data.setCell(26, 0, 26)
data.setCell(26, 1, 'testMethod4')
data.setCell(26, 2, 'TestNGPrograms.ItestListenerWithExample')
data.setCell(26, 3, 1);
data.setCell(27, 0, 27)
data.setCell(27, 1, 'testMethod2')
data.setCell(27, 2, 'TestNGPrograms.ItestListenerWithExample')
data.setCell(27, 3, 1);
data.setCell(28, 0, 28)
data.setCell(28, 1, 'testMethod2')
data.setCell(28, 2, 'TestNGPrograms.ItestListenerWithExample')
data.setCell(28, 3, 1);
data.setCell(29, 0, 29)
data.setCell(29, 1, 'testMethod2')
data.setCell(29, 2, 'TestNGPrograms.ItestListenerWithExample')
data.setCell(29, 3, 1);
data.setCell(30, 0, 30)
data.setCell(30, 1, 'failedM')
data.setCell(30, 2, 'TestNGPrograms.ItestListenerWithExample')
data.setCell(30, 3, 1);
data.setCell(31, 0, 31)
data.setCell(31, 1, 'testMethod2')
data.setCell(31, 2, 'TestNGPrograms.ItestListenerWithExample')
data.setCell(31, 3, 1);
data.setCell(32, 0, 32)
data.setCell(32, 1, 'testMethod2')
data.setCell(32, 2, 'TestNGPrograms.ItestListenerWithExample')
data.setCell(32, 3, 1);
data.setCell(33, 0, 33)
data.setCell(33, 1, 'failedM')
data.setCell(33, 2, 'TestNGPrograms.ItestListenerWithExample')
data.setCell(33, 3, 1);
window.suiteTableData['Suite']= { tableData: data, tableDiv: 'times-div-Suite'}
return data;
}
              </script>
              <span class="suite-total-time">Total running time: 5 minutes</span>
              <div id="times-div-Suite">
              </div> <!-- times-div-Suite -->
            </div> <!-- times-div -->
          </div> <!-- main-panel-content rounded-window-bottom -->
        </div> <!-- panel -->
        <div panel-name="reporter-Suite" class="panel">
          <div class="main-panel-header rounded-window-top">
            <span class="header-content">Reporter output for Suite</span>
          </div> <!-- main-panel-header rounded-window-top -->
          <div class="main-panel-content rounded-window-bottom">
          </div> <!-- main-panel-content rounded-window-bottom -->
        </div> <!-- panel -->
        <div panel-name="ignored-methods-Suite" class="panel">
          <div class="main-panel-header rounded-window-top">
            <span class="header-content">0 ignored methods</span>
          </div> <!-- main-panel-header rounded-window-top -->
          <div class="main-panel-content rounded-window-bottom">
          </div> <!-- main-panel-content rounded-window-bottom -->
        </div> <!-- panel -->
        <div panel-name="chronological-Suite" class="panel">
          <div class="main-panel-header rounded-window-top">
            <span class="header-content">Methods in chronological order</span>
          </div> <!-- main-panel-header rounded-window-top -->
          <div class="main-panel-content rounded-window-bottom">
            <div class="chronological-class">
              <div class="chronological-class-name">TestNGPrograms.ItestListenerWithExample</div> <!-- chronological-class-name -->
              <div class="test-method">
                <span class="method-name">failedM</span>
                <span class="method-start">0 ms</span>
              </div> <!-- test-method -->
              <div class="test-method">
                <span class="method-name">failedM</span>
                <span class="method-start">22 ms</span>
              </div> <!-- test-method -->
              <div class="test-method">
                <span class="method-name">failedM</span>
                <span class="method-start">29 ms</span>
              </div> <!-- test-method -->
              <div class="test-method">
                <span class="method-name">failedM</span>
                <span class="method-start">32 ms</span>
              </div> <!-- test-method -->
              <div class="test-method">
                <img src="failed.png">
                </img>
                <span class="method-name">failedM</span>
                <span class="method-start">34 ms</span>
              </div> <!-- test-method -->
              <div class="test-method">
                <span class="method-name">testMethod1</span>
                <span class="method-start">38 ms</span>
              </div> <!-- test-method -->
              <div class="test-method">
                <span class="method-name">testMethod2</span>
                <span class="method-start">42 ms</span>
              </div> <!-- test-method -->
              <div class="test-method">
                <span class="method-name">testMethod2</span>
                <span class="method-start">44 ms</span>
              </div> <!-- test-method -->
              <div class="test-method">
                <span class="method-name">testMethod2</span>
                <span class="method-start">47 ms</span>
              </div> <!-- test-method -->
              <div class="test-method">
                <span class="method-name">testMethod2</span>
                <span class="method-start">50 ms</span>
              </div> <!-- test-method -->
              <div class="test-method">
                <img src="failed.png">
                </img>
                <span class="method-name">testMethod2</span>
                <span class="method-start">52 ms</span>
              </div> <!-- test-method -->
              <div class="test-method">
                <span class="method-name">testMethod3</span>
                <span class="method-start">55 ms</span>
              </div> <!-- test-method -->
              <div class="test-method">
                <span class="method-name">testMethod4</span>
                <span class="method-start">59 ms</span>
              </div> <!-- test-method -->
              <div class="test-method">
                <span class="method-name">testMethod4</span>
                <span class="method-start">76 ms</span>
              </div> <!-- test-method -->
              <div class="test-method">
                <span class="method-name">testMethod4</span>
                <span class="method-start">83 ms</span>
              </div> <!-- test-method -->
              <div class="test-method">
                <span class="method-name">testMethod4</span>
                <span class="method-start">86 ms</span>
              </div> <!-- test-method -->
              <div class="test-method">
                <span class="method-name">testMethod4</span>
                <span class="method-start">89 ms</span>
              </div> <!-- test-method -->
              <div class="test-method">
                <span class="method-name">testMethod4</span>
                <span class="method-start">93 ms</span>
              </div> <!-- test-method -->
              <div class="test-method">
                <span class="method-name">testMethod4</span>
                <span class="method-start">101 ms</span>
              </div> <!-- test-method -->
            </div> <!-- chronological-class -->
            <div class="chronological-class">
              <div class="chronological-class-name">TestNGPrograms.kiteTest</div> <!-- chronological-class-name -->
              <div class="test-method">
                <span class="method-name">kitelogin(XA0634, 123454321, 122331)</span>
                <span class="method-start">173 ms</span>
              </div> <!-- test-method -->
              <div class="test-method">
                <span class="method-name">kitelogin(XA0634, 123454321, 122331)</span>
                <span class="method-start">20227 ms</span>
              </div> <!-- test-method -->
              <div class="test-method">
                <span class="method-name">kitelogin(XA0634, 123454321, 122331)</span>
                <span class="method-start">44183 ms</span>
              </div> <!-- test-method -->
              <div class="test-method">
                <span class="method-name">kitelogin(XA0634, 123454321, 122331)</span>
                <span class="method-start">82741 ms</span>
              </div> <!-- test-method -->
              <div class="test-method">
                <img src="failed.png">
                </img>
                <span class="method-name">kitelogin(XA0634, 123454321, 122331)</span>
                <span class="method-start">119776 ms</span>
              </div> <!-- test-method -->
              <div class="test-method">
                <span class="method-name">kitelogin(XA0342, 1234532, 231111)</span>
                <span class="method-start">141021 ms</span>
              </div> <!-- test-method -->
              <div class="test-method">
                <span class="method-name">kitelogin(XA0342, 1234532, 231111)</span>
                <span class="method-start">194035 ms</span>
              </div> <!-- test-method -->
              <div class="test-method">
                <span class="method-name">kitelogin(XA0342, 1234532, 231111)</span>
                <span class="method-start">217065 ms</span>
              </div> <!-- test-method -->
              <div class="test-method">
                <span class="method-name">kitelogin(XA0342, 1234532, 231111)</span>
                <span class="method-start">234378 ms</span>
              </div> <!-- test-method -->
              <div class="test-method">
                <img src="failed.png">
                </img>
                <span class="method-name">kitelogin(XA0342, 1234532, 231111)</span>
                <span class="method-start">255192 ms</span>
              </div> <!-- test-method -->
              <div class="test-method">
                <span class="method-name">kitelogin(XA0634, Sarika699!, 691991)</span>
                <span class="method-start">272840 ms</span>
              </div> <!-- test-method -->
              <div class="test-method">
                <span class="method-name">kitelogin(XA0634, Sarika699!, 691991)</span>
                <span class="method-start">284689 ms</span>
              </div> <!-- test-method -->
              <div class="test-method">
                <span class="method-name">kitelogin(XA0634, Sarika699!, 691991)</span>
                <span class="method-start">293964 ms</span>
              </div> <!-- test-method -->
              <div class="test-method">
                <span class="method-name">kitelogin(XA0634, Sarika699!, 691991)</span>
                <span class="method-start">304667 ms</span>
              </div> <!-- test-method -->
              <div class="test-method">
                <img src="failed.png">
                </img>
                <span class="method-name">kitelogin(XA0634, Sarika699!, 691991)</span>
                <span class="method-start">315350 ms</span>
              </div> <!-- test-method -->
          </div> <!-- main-panel-content rounded-window-bottom -->
        </div> <!-- panel -->
      </div> <!-- main-panel-root -->
    </div> <!-- wrapper -->
  </body>
<script type="text/javascript" src="testng-reports2.js"></script>
</html>
